2022.7.24	
v1.0
完成了初级功能:复制A路径文件,并将A'文件名前缀改为B文件名前缀-"1-k"

2022.11.11
v1.1
改善了观感
修复了k=1时的前缀尾部bug
更改且增加了选项
增加了文字说明,以便于理解
(v1.1开始使用了choice,请确保系统环境变量PATH值内有system32)

2022.11.13
v1.2
优化了判断k的结果
增加了修改前后文件名描述,以便于直接检查正误
增加了删除文件前自动打开文件夹功能

2022.11.18
v1.3
改善了观感
修复了无法删除provisional文件夹bug
将修改前后文件名描述功能改为提前预览功能,彻底解决了复制成本
增加了选项,使可以应对变量输入错误的情况
优化了代码逻辑,简化了代码
修改为判断k为正整数,彻底解决了k的判断问题

2022.11.26
v1.4beta
改善了观感
尝试增加了窗口自适应分辨率功能
略微简化了代码

2022.11.26&27
v2.0
改善了观感
增加了选择性跳过对照数
增加了窗口自适应分辨率功能
修复了v1.3中全局变量导致的bug

预
v2.1
跳过任意个对照文件→跳过任意对对照文件
识别输入的路径是否有"
打开时检测临时文件夹内是否有文件
删除文件改静默，用choice提示
添加文件名过滤功能：
"
检测特殊字符，存在则停止程序
保留前缀末尾n个字符
替换前缀末尾n个.为-
保留-后的字符
"
添加另外一个跳过功能
检测是否存在%batLib%，存在则将临时文件放在"%batLib%\DBL\临时文件"中
修改"provisional"为"临时文件"

2023.4.15
v3.0beta
完全重写底层逻辑
(v3.0开始使用了DBL,请确保系统环境变量batLib值内有包含DBL的路径;使用了"路径缓存.bat")

2023.
v4.0
修复观感细节bug
预：
解决路径引号问题
增加调用"批量增减文件名字符.bat"功能
增加按文件类型排序功能

修复临时文件新建文件夹问题